<?xml version="1.0" encoding="UTF-8"?>
<!-- Generated by org.testng.reporters.JUnitReportReporter -->
<testsuite hostname="dell-PC" name="example.NewTest" tests="1" failures="0" timestamp="13 Jul 2016 17:11:56 GMT" time="8.368" errors="0">
  <testcase name="testEasy" time="8.368" classname="example.NewTest"/>
</testsuite> <!-- example.NewTest -->
